[2026-05-02 19:24:11] \033[0;32mBrain starting...\033[0m
[2026-05-02 19:24:11] Total secrets found: 1
[2026-05-02 19:24:11] Checking: aws-main-key | Status: active | Days left: -274
[2026-05-02 19:24:11] \033[1;33mWARNING: aws-main-key expires in -274 days\033[0m
[2026-05-02 19:24:11] [WARNING] aws-main-key - Secret expires in -274 days
[2026-05-02 19:24:11] \033[0;32mBrain check complete.\033[0m#!/bin/bash
[2026-05-02 19:24:11] \033[0;32mBrain starting...\033[0m
[2026-05-02 19:24:11] Total secrets found: 1
[2026-05-02 19:24:11] Checking: aws-main-key | Status: expiring_soon | Days left: -274
[2026-05-02 19:24:11] \033[0;32mOK: aws-main-key is healthy — -274 days remaining\033[0m
[2026-05-02 19:24:11] \033[0;32mBrain check complete.\033[0m
[2026-05-02 19:28:25] \033[0;32mBrain starting...\033[0m
[2026-05-02 19:28:25] Total secrets found: 1
[2026-05-02 19:28:25] Checking: aws-main-key | Status: active | Days left: 91
[2026-05-02 19:28:25] \033[0;32mOK: aws-main-key is healthy — 91 days remaining\033[0m
[2026-05-02 19:28:25] \033[0;32mBrain check complete.\033[0m#!/bin/bash
[2026-05-02 19:28:25] \033[0;32mBrain starting...\033[0m
[2026-05-02 19:28:25] Total secrets found: 1
[2026-05-02 19:28:25] Checking: aws-main-key | Status: active | Days left: 91
[2026-05-02 19:28:25] \033[0;32mOK: aws-main-key is healthy — 91 days remaining\033[0m
[2026-05-02 19:28:25] \033[0;32mBrain check complete.\033[0m
[2026-05-02 19:31:51] \033[0;32mBrain starting...\033[0m
[2026-05-02 19:31:51] Total secrets found: 1
[2026-05-02 19:31:51] Checking: aws-main-key | Status: active | Days left: 11
[2026-05-02 19:31:51] \033[1;33mWARNING: aws-main-key expires in 11 days\033[0m
[2026-05-02 19:31:51] [WARNING] aws-main-key - Secret expires in 11 days
[2026-05-02 19:31:51] \033[0;32mBrain check complete.\033[0m#!/bin/bash
[2026-05-02 19:31:51] \033[0;32mBrain starting...\033[0m
[2026-05-02 19:31:51] Total secrets found: 1
[2026-05-02 19:31:51] Checking: aws-main-key | Status: expiring_soon | Days left: 11
[2026-05-02 19:31:51] \033[0;32mOK: aws-main-key is healthy — 11 days remaining\033[0m
[2026-05-02 19:31:51] \033[0;32mBrain check complete.\033[0m
[2026-05-02 19:42:47] \033[0;32mGit Scanner starting...\033[0m
[2026-05-02 19:42:47] Scanning last commit for leaked secrets...
[2026-05-02 19:42:47] \033[0;31mLEAKED SECRET FOUND!\033[0m
[2026-05-02 19:42:47] \033[1;33mPattern matched: AKIA[0-9A-Z]{16}\033[0m
[2026-05-02 19:42:48] \033[0;31mStatus updated to compromised in DB\033[0m
[2026-05-02 19:42:48] [CRITICAL] aws-main-key - AWS key leaked in git commit — immediate action needed
[2026-05-02 19:42:48] Checking for accidentally committed .env files...
[2026-05-02 19:42:48] \033[0;31mGit scan complete — issues found! Check alerts above.\033[0m
